<?xml version="1.0" encoding="UTF-8"?>
<!-- Generated by org.testng.reporters.JUnitReportReporter -->
<testsuite skipped="0" hostname="DESKTOP-541KTCM" name="SeleniumCorePractice.Drodown" tests="1" failures="0" timestamp="2020-09-12T16:14:06 IST" time="27.578" errors="0">
  <testcase name="selectDateDroDown" time="27.578" classname="SeleniumCorePractice.Drodown"/>
  <system-out/>
</testsuite> <!-- SeleniumCorePractice.Drodown -->
