<?xml version="1.0" encoding="UTF-8"?>
<!-- Generated by org.testng.reporters.JUnitReportReporter -->
<testsuite skipped="0" hostname="DESKTOP-541KTCM" name="com.hubspot.test.HomePageTest" tests="4" failures="0" timestamp="2020-09-20T13:30:54 IST" time="36.922" errors="0">
  <testcase name="checkingAdmin" time="0.071" classname="com.hubspot.test.HomePageTest"/>
  <system-out/>
  <testcase name="checkingWelcome" time="30.082" classname="com.hubspot.test.HomePageTest"/>
  <system-out/>
  <testcase name="checkingInfo" time="0.048" classname="com.hubspot.test.HomePageTest"/>
  <system-out/>
  <testcase name="pagenavigation" time="6.721" classname="com.hubspot.test.HomePageTest"/>
  <system-out/>
</testsuite> <!-- com.hubspot.test.HomePageTest -->
