<?xml version="1.0" encoding="UTF-8"?>
<!-- Generated by org.testng.reporters.JUnitReportReporter -->
<testsuite skipped="0" hostname="DESKTOP-541KTCM" name="com.hubspot.test.LogInPageTest" tests="5" failures="0" timestamp="2020-09-17T17:29:49 IST" time="102.746" errors="0">
  <testcase name="verifyTitleTest" time="21.772" classname="com.hubspot.test.LogInPageTest"/>
  <system-out/>
  <testcase name="verifyLogInPageTest" time="25.847" classname="com.hubspot.test.LogInPageTest"/>
  <system-out/>
  <testcase name="badLogin" time="18.689" classname="com.hubspot.test.LogInPageTest"/>
  <system-out/>
  <testcase name="badLogin" time="18.509" classname="com.hubspot.test.LogInPageTest"/>
  <system-out/>
  <testcase name="verifyForgetPwd" time="17.929" classname="com.hubspot.test.LogInPageTest"/>
  <system-out/>
</testsuite> <!-- com.hubspot.test.LogInPageTest -->
