<?xml version="1.0" encoding="UTF-8"?>
<!-- Generated by org.testng.reporters.JUnitReportReporter -->
<testsuite skipped="0" hostname="DESKTOP-541KTCM" name="com.hubspot.test.ContactsPageTest" tests="1" failures="0" timestamp="2020-09-20T13:38:07 IST" time="31.870" errors="0">
  <testcase name="getFilling" time="31.870" classname="com.hubspot.test.ContactsPageTest"/>
  <system-out/>
</testsuite> <!-- com.hubspot.test.ContactsPageTest -->
