<?xml version="1.0" encoding="UTF-8"?>
<!-- Generated by org.testng.reporters.JUnitReportReporter -->
<testsuite skipped="0" hostname="DESKTOP-541KTCM" name="com.hubspot.test.LogInPageTest" tests="5" failures="0" timestamp="2020-09-20T21:37:44 IST" time="142.866" errors="0">
  <testcase name="verifyTitleTest" time="25.300" classname="com.hubspot.test.LogInPageTest"/>
  <system-out/>
  <testcase name="verifyLogInPageTest" time="40.801" classname="com.hubspot.test.LogInPageTest"/>
  <system-out/>
  <testcase name="badLogin" time="25.527" classname="com.hubspot.test.LogInPageTest"/>
  <system-out/>
  <testcase name="badLogin" time="15.560" classname="com.hubspot.test.LogInPageTest"/>
  <system-out/>
  <testcase name="verifyForgetPwd" time="35.678" classname="com.hubspot.test.LogInPageTest"/>
  <system-out/>
</testsuite> <!-- com.hubspot.test.LogInPageTest -->
