<?xml version="1.0" encoding="UTF-8"?>
<!-- Generated by org.testng.reporters.JUnitReportReporter -->
<testsuite skipped="0" hostname="DESKTOP-541KTCM" name="SeleniumCorePractice.dataprovider" tests="1" failures="0" timestamp="2020-09-16T14:38:31 IST" time="26.340" errors="0">
  <testcase name="filledByDataprovider" time="26.340" classname="SeleniumCorePractice.dataprovider"/>
  <system-out/>
</testsuite> <!-- SeleniumCorePractice.dataprovider -->
