<?xml version="1.0" encoding="UTF-8"?>
<!-- Generated by org.testng.reporters.JUnitReportReporter -->
<testsuite skipped="0" hostname="DESKTOP-541KTCM" name="com.hubspot.test.HomePageTest" tests="4" failures="0" timestamp="2020-09-20T21:44:35 IST" time="34.884" errors="0">
  <testcase name="checkingAdmin" time="0.082" classname="com.hubspot.test.HomePageTest"/>
  <system-out/>
  <testcase name="checkingWelcome" time="30.054" classname="com.hubspot.test.HomePageTest"/>
  <system-out/>
  <testcase name="checkingInfo" time="0.046" classname="com.hubspot.test.HomePageTest"/>
  <system-out/>
  <testcase name="pagenavigation" time="4.702" classname="com.hubspot.test.HomePageTest"/>
  <system-out/>
</testsuite> <!-- com.hubspot.test.HomePageTest -->
