<?xml version="1.0" encoding="UTF-8"?>
<!-- Generated by org.testng.reporters.JUnitReportReporter -->
<testsuite skipped="0" hostname="DESKTOP-541KTCM" name="com.hubspot.test.HomePageTest" tests="4" failures="0" timestamp="2020-09-20T13:38:07 IST" time="34.321" errors="0">
  <testcase name="checkingAdmin" time="0.052" classname="com.hubspot.test.HomePageTest"/>
  <system-out/>
  <testcase name="checkingWelcome" time="30.117" classname="com.hubspot.test.HomePageTest"/>
  <system-out/>
  <testcase name="checkingInfo" time="0.089" classname="com.hubspot.test.HomePageTest"/>
  <system-out/>
  <testcase name="pagenavigation" time="4.063" classname="com.hubspot.test.HomePageTest"/>
  <system-out/>
</testsuite> <!-- com.hubspot.test.HomePageTest -->
