<?xml version="1.0" encoding="UTF-8"?>
<!-- Generated by org.testng.reporters.JUnitReportReporter -->
<testsuite skipped="0" hostname="DESKTOP-541KTCM" name="SeleniumCorePractice.DataproviderwithExcel" tests="1" failures="0" timestamp="2020-09-16T20:26:21 IST" time="19.699" errors="0">
  <testcase name="filledByDataprovider" time="19.699" classname="SeleniumCorePractice.DataproviderwithExcel"/>
  <system-out/>
</testsuite> <!-- SeleniumCorePractice.DataproviderwithExcel -->
