<?xml version="1.0" encoding="UTF-8"?>
<!-- Generated by org.testng.reporters.JUnitReportReporter -->
<testsuite skipped="0" hostname="DESKTOP-541KTCM" name="com.hubspot.test.LogInPageTest" tests="5" failures="0" timestamp="2020-09-20T13:38:07 IST" time="147.225" errors="0">
  <testcase name="verifyTitleTest" time="18.543" classname="com.hubspot.test.LogInPageTest"/>
  <system-out/>
  <testcase name="verifyLogInPageTest" time="23.132" classname="com.hubspot.test.LogInPageTest"/>
  <system-out/>
  <testcase name="badLogin" time="74.414" classname="com.hubspot.test.LogInPageTest"/>
  <system-out/>
  <testcase name="badLogin" time="15.848" classname="com.hubspot.test.LogInPageTest"/>
  <system-out/>
  <testcase name="verifyForgetPwd" time="15.288" classname="com.hubspot.test.LogInPageTest"/>
  <system-out/>
</testsuite> <!-- com.hubspot.test.LogInPageTest -->
