<?xml version="1.0" encoding="UTF-8"?>
<!-- Generated by org.testng.reporters.JUnitReportReporter -->
<testsuite skipped="0" hostname="DESKTOP-541KTCM" name="SeleniumCorePractice.Adding" tests="1" failures="0" timestamp="2020-09-17T18:45:17 IST" time="27.685" errors="0">
  <testcase name="gettingData" time="27.685" classname="SeleniumCorePractice.Adding"/>
  <system-out/>
</testsuite> <!-- SeleniumCorePractice.Adding -->
