<?xml version="1.0" encoding="UTF-8"?>
<!-- Generated by org.testng.reporters.JUnitReportReporter -->
<testsuite skipped="0" hostname="DESKTOP-541KTCM" name="SeleniumCorePractice.Crossbrowser" tests="2" failures="0" timestamp="2020-09-13T13:52:08 IST" time="30.065" errors="0">
  <testcase name="getTitle" time="15.988" classname="SeleniumCorePractice.Crossbrowser"/>
  <system-out/>
  <testcase name="getTitle" time="14.077" classname="SeleniumCorePractice.Crossbrowser"/>
  <system-out/>
</testsuite> <!-- SeleniumCorePractice.Crossbrowser -->
