<?xml version="1.0" encoding="UTF-8"?>
<!-- Generated by org.testng.reporters.JUnitReportReporter -->
<testsuite skipped="0" hostname="DESKTOP-541KTCM" name="com.hubspot.test.HomePageTest" tests="3" failures="0" timestamp="2020-09-17T17:29:49 IST" time="108.814" errors="0">
  <testcase name="checkingAdmin" time="37.760" classname="com.hubspot.test.HomePageTest"/>
  <system-out/>
  <testcase name="checkingWelcome" time="35.521" classname="com.hubspot.test.HomePageTest"/>
  <system-out/>
  <testcase name="checkingInfo" time="35.533" classname="com.hubspot.test.HomePageTest"/>
  <system-out/>
</testsuite> <!-- com.hubspot.test.HomePageTest -->
