<?xml version="1.0" encoding="UTF-8"?>
<!-- Generated by org.testng.reporters.JUnitReportReporter -->
<testsuite skipped="0" hostname="DESKTOP-541KTCM" name="com.hubspot.test.ContactsPageTest" tests="1" failures="0" timestamp="2020-09-18T09:37:09 IST" time="30.137" errors="0">
  <testcase name="getFilling" time="30.137" classname="com.hubspot.test.ContactsPageTest"/>
  <system-out/>
</testsuite> <!-- com.hubspot.test.ContactsPageTest -->
