<?xml version="1.0" encoding="UTF-8"?>
<!-- Generated by org.testng.reporters.JUnitReportReporter -->
<testsuite skipped="0" hostname="DESKTOP-541KTCM" name="SeleniumCorePractice.BootstrapDropdown" tests="1" failures="0" timestamp="2020-09-13T13:25:37 IST" time="10.600" errors="0">
  <testcase name="bootdropDown" time="10.600" classname="SeleniumCorePractice.BootstrapDropdown"/>
  <system-out/>
</testsuite> <!-- SeleniumCorePractice.BootstrapDropdown -->
