<?xml version="1.0" encoding="UTF-8"?>
<!-- Generated by org.testng.reporters.JUnitReportReporter -->
<testsuite skipped="0" hostname="DESKTOP-541KTCM" name="SeleniumCorePractice.Synchronization" tests="1" failures="0" timestamp="2020-09-14T11:07:00 IST" time="9.438" errors="0">
  <testcase name="handleSynchronization" time="9.438" classname="SeleniumCorePractice.Synchronization"/>
  <system-out/>
</testsuite> <!-- SeleniumCorePractice.Synchronization -->
